

***********************************************************************
Fatal NI connect error 12518, connecting to:
 (DESCRIPTION=(ADDRESS=(PROTOCOL=TCP)(HOST=127.0.0.1)(PORT=1521))(CONNECT_DATA=(SERVICE_NAME=LIS)(CID=(PROGRAM=C:\Users\ND\Desktop\code\Cobas_IT_Monitor\bin\Debug\CobasITMonitor.vshost.exe)(HOST=ND-PC)(USER=ND))))

  VERSION INFORMATION:
	TNS for 32-bit Windows: Version 10.2.0.4.0 - Production
	Windows NT TCP/IP NT Protocol Adapter for 32-bit Windows: Version 10.2.0.4.0 - Production
  Time: 02-JUN-2015 17:03:47
  Tracing not turned on.
  Tns error struct:
    ns main err code: 12564
    TNS-12564: TNS:connection refused
    ns secondary err code: 0
    nt main err code: 0
    nt secondary err code: 0
    nt OS err code: 0


***********************************************************************
Fatal NI connect error 12518, connecting to:
 (DESCRIPTION=(ADDRESS=(PROTOCOL=TCP)(HOST=127.0.0.1)(PORT=1521))(CONNECT_DATA=(SERVICE_NAME=LIS)(CID=(PROGRAM=C:\Users\ND\Desktop\code\Cobas_IT_Monitor\bin\Debug\CobasITMonitor.vshost.exe)(HOST=ND-PC)(USER=ND))))

  VERSION INFORMATION:
	TNS for 32-bit Windows: Version 10.2.0.4.0 - Production
	Windows NT TCP/IP NT Protocol Adapter for 32-bit Windows: Version 10.2.0.4.0 - Production
  Time: 02-JUN-2015 18:00:00
  Tracing not turned on.
  Tns error struct:
    ns main err code: 12564
    TNS-12564: TNS:connection refused
    ns secondary err code: 0
    nt main err code: 0
    nt secondary err code: 0
    nt OS err code: 0
